Arguments: 
  C:\Program Files\nodejs\node.exe C:\Users\Dell\AppData\Roaming\npm\node_modules\yarn\bin\yarn.js add @react-native-firebase/app

PATH: 
  C:\Program Files\Common Files\Oracle\Java\javapath;C:\Program Files\Microsoft\jdk-11.0.20.8-hotspot\bin;C:\Windows\system32;C:\Windows;C:\Windows\System32\Wbem;C:\Windows\System32\WindowsPowerShell\v1.0\;C:\Windows\System32\OpenSSH\;C:\Program Files\dotnet\;C:\ProgramData\chocolatey\bin;C:\Users\Dell\AppData\Local\Android\Sdk\platform-tools;C:\Program Files\nodejs\;C:\Program Files\Git\cmd;C:\Users\Dell\AppData\Local\Microsoft\WindowsApps;;C:\Users\Dell\AppData\Local\Programs\Microsoft VS Code\bin;C:\Users\Dell\AppData\Roaming\npm

Yarn version: 
  1.22.19

Node version: 
  18.18.2

Platform: 
  win32 x64

Trace: 
  Error: EPERM: operation not permitted, copyfile 'C:\Users\Dell\AppData\Local\Yarn\Cache\v6\npm-@babel-parser-7.23.9-7b903b6149b0f8fa7ad564af646c4c38a77fc44b-integrity\node_modules\@babel\parser\typings\babel-parser.d.ts' -> 'C:\Users\Dell\ReactNative\FoodDelivery\node_modules\@babel\parser\typings\babel-parser.d.ts'

npm manifest: 
  {
    "name": "FoodDelivery",
    "version": "0.0.1",
    "private": true,
    "scripts": {
      "android": "react-native run-android",
      "ios": "react-native run-ios",
      "lint": "eslint .",
      "start": "react-native start",
      "test": "jest"
    },
    "dependencies": {
      "@react-native-firebase/app": "^18.8.0",
      "@react-native-firebase/firestore": "^18.8.0",
      "@react-navigation/native": "^6.1.9",
      "@react-navigation/native-stack": "^6.9.17",
      "firebase": "^10.8.0",
      "react": "18.2.0",
      "react-native": "0.73.4",
      "react-native-keyboard-aware-scroll-view": "^0.9.5",
      "react-native-safe-area-context": "^4.8.2",
      "react-native-screens": "^3.29.0",
      "react-native-swiper": "^1.6.0",
      "react-native-vector-icons": "^10.0.3"
    },
    "devDependencies": {
      "@babel/core": "^7.20.0",
      "@babel/preset-env": "^7.20.0",
      "@babel/runtime": "^7.20.0",
      "@react-native/babel-preset": "0.73.19",
      "@react-native/eslint-config": "0.73.2",
      "@react-native/metro-config": "0.73.3",
      "@react-native/typescript-config": "0.73.1",
      "@types/react": "^18.2.6",
      "@types/react-test-renderer": "^18.0.0",
      "babel-jest": "^29.6.3",
      "eslint": "^8.19.0",
      "jest": "^29.6.3",
      "prettier": "2.8.8",
      "react-test-renderer": "18.2.0",
      "typescript": "5.0.4"
    },
    "engines": {
      "node": ">=18"
    }
  }

yarn manifest: 
  No manifest

Lockfile: 
  No lockfile
